2018-05-25T04:53:02+00:00 CRITICAL Maximum execution time of 30 seconds exceeded

2018-05-25T04:54:02+00:00 CRITICAL Maximum execution time of 30 seconds exceeded

2018-05-25T05:03:17+00:00 CRITICAL Maximum execution time of 30 seconds exceeded

2018-05-25T08:03:00+00:00 CRITICAL Uncaught Exception: Element must be mapped in system in C:\xampp\htdocs\NewWooCommerce\wp-content\plugins\js_composer\include\classes\shortcodes\shortcodes.php:1432
Stack trace:
#0 C:\xampp\htdocs\NewWooCommerce\wp-content\plugins\js_composer\include\classes\shortcodes\shortcodes.php(1458): Vc_Shortcodes_Manager->getElementClass('rev_slider')
#1 C:\xampp\htdocs\NewWooCommerce\wp-content\plugins\js_composer\include\classes\editors\class-vc-frontend-editor.php(683): Vc_Shortcodes_Manager->shortcodeClass()
#2 C:\xampp\htdocs\NewWooCommerce\wp-content\plugins\js_composer\include\classes\editors\class-vc-frontend-editor.php(614): Vc_Frontend_Editor->renderShortcodes(Array)
#3 C:\xampp\htdocs\NewWooCommerce\wp-includes\class-wp-hook.php(286): Vc_Frontend_Editor->loadShortcodes('')
#4 C:\xampp\htdocs\NewWooCommerce\wp-includes\class-wp-hook.php(310): WP_Hook->apply_filters(NULL, Array)
#5 C:\xampp\htdocs\NewWooCommerce\wp-includes\plugin.php(453): WP_Hook->do_action(Array)
#6 C:\xampp\htdocs\NewWooCommerce\wp-includ

2018-05-25T08:09:02+00:00 CRITICAL Uncaught Exception: Element must be mapped in system in C:\xampp\htdocs\NewWooCommerce\wp-content\plugins\js_composer\include\classes\shortcodes\shortcodes.php:1432
Stack trace:
#0 C:\xampp\htdocs\NewWooCommerce\wp-content\plugins\js_composer\include\classes\shortcodes\shortcodes.php(1458): Vc_Shortcodes_Manager->getElementClass('rev_slider')
#1 C:\xampp\htdocs\NewWooCommerce\wp-content\plugins\js_composer\include\classes\editors\class-vc-frontend-editor.php(683): Vc_Shortcodes_Manager->shortcodeClass()
#2 C:\xampp\htdocs\NewWooCommerce\wp-content\plugins\js_composer\include\classes\editors\class-vc-frontend-editor.php(614): Vc_Frontend_Editor->renderShortcodes(Array)
#3 C:\xampp\htdocs\NewWooCommerce\wp-includes\class-wp-hook.php(286): Vc_Frontend_Editor->loadShortcodes('')
#4 C:\xampp\htdocs\NewWooCommerce\wp-includes\class-wp-hook.php(310): WP_Hook->apply_filters(NULL, Array)
#5 C:\xampp\htdocs\NewWooCommerce\wp-includes\plugin.php(453): WP_Hook->do_action(Array)
#6 C:\xampp\htdocs\NewWooCommerce\wp-includ

2018-05-25T08:09:12+00:00 CRITICAL Uncaught Exception: Element must be mapped in system in C:\xampp\htdocs\NewWooCommerce\wp-content\plugins\js_composer\include\classes\shortcodes\shortcodes.php:1432
Stack trace:
#0 C:\xampp\htdocs\NewWooCommerce\wp-content\plugins\js_composer\include\classes\shortcodes\shortcodes.php(1458): Vc_Shortcodes_Manager->getElementClass('rev_slider')
#1 C:\xampp\htdocs\NewWooCommerce\wp-content\plugins\js_composer\include\classes\editors\class-vc-frontend-editor.php(683): Vc_Shortcodes_Manager->shortcodeClass()
#2 C:\xampp\htdocs\NewWooCommerce\wp-content\plugins\js_composer\include\classes\editors\class-vc-frontend-editor.php(614): Vc_Frontend_Editor->renderShortcodes(Array)
#3 C:\xampp\htdocs\NewWooCommerce\wp-includes\class-wp-hook.php(286): Vc_Frontend_Editor->loadShortcodes('')
#4 C:\xampp\htdocs\NewWooCommerce\wp-includes\class-wp-hook.php(310): WP_Hook->apply_filters(NULL, Array)
#5 C:\xampp\htdocs\NewWooCommerce\wp-includes\plugin.php(453): WP_Hook->do_action(Array)
#6 C:\xampp\htdocs\NewWooCommerce\wp-includ

2018-05-25T08:12:37+00:00 CRITICAL Uncaught Exception: Element must be mapped in system in C:\xampp\htdocs\NewWooCommerce\wp-content\plugins\js_composer\include\classes\shortcodes\shortcodes.php:1432
Stack trace:
#0 C:\xampp\htdocs\NewWooCommerce\wp-content\plugins\js_composer\include\classes\shortcodes\shortcodes.php(1458): Vc_Shortcodes_Manager->getElementClass('rev_slider')
#1 C:\xampp\htdocs\NewWooCommerce\wp-content\plugins\js_composer\include\classes\editors\class-vc-frontend-editor.php(683): Vc_Shortcodes_Manager->shortcodeClass()
#2 C:\xampp\htdocs\NewWooCommerce\wp-content\plugins\js_composer\include\classes\editors\class-vc-frontend-editor.php(614): Vc_Frontend_Editor->renderShortcodes(Array)
#3 C:\xampp\htdocs\NewWooCommerce\wp-includes\class-wp-hook.php(286): Vc_Frontend_Editor->loadShortcodes('')
#4 C:\xampp\htdocs\NewWooCommerce\wp-includes\class-wp-hook.php(310): WP_Hook->apply_filters(NULL, Array)
#5 C:\xampp\htdocs\NewWooCommerce\wp-includes\plugin.php(453): WP_Hook->do_action(Array)
#6 C:\xampp\htdocs\NewWooCommerce\wp-includ

2018-05-25T08:17:21+00:00 CRITICAL Maximum execution time of 30 seconds exceeded

